Arguments: 
  /Users/rafikahamadjamakhane/.nvm/versions/node/v11.10.0/bin/node /usr/local/bin/yarn add cuncurrancy --save

PATH: 
  /Users/rafikahamadjamakhane/.nvm/versions/node/v11.10.0/bin:/usr/local/bin:/usr/bin:/bin:/usr/sbin:/sbin:/usr/local/mongodb/bin

Yarn version: 
  1.9.4

Node version: 
  11.10.0

Platform: 
  darwin x64

Trace: 
  Error: https://art01.apttuscloud.io/api/npm/npm/cuncurrancy: not_found
      at Request.params.callback [as _callback] (/usr/local/lib/node_modules/yarn/lib/cli.js:64202:18)
      at Request.self.callback (/usr/local/lib/node_modules/yarn/lib/cli.js:137468:22)
      at Request.emit (events.js:197:13)
      at Request.<anonymous> (/usr/local/lib/node_modules/yarn/lib/cli.js:138440:10)
      at Request.emit (events.js:197:13)
      at IncomingMessage.<anonymous> (/usr/local/lib/node_modules/yarn/lib/cli.js:138362:12)
      at Object.onceWrapper (events.js:285:13)
      at IncomingMessage.emit (events.js:202:15)
      at endReadableNT (_stream_readable.js:1129:12)
      at processTicksAndRejections (internal/process/next_tick.js:76:17)

npm manifest: 
  {
    "name": "server",
    "version": "1.0.0",
    "description": "",
    "main": "index.js",
    "scripts": {
      "test": "echo \"Error: no test specified\" && exit 1",
      "start": "nodemon app.js"
    },
    "author": "Rafiq",
    "license": "ISC",
    "dependencies": {
      "cors": "^2.8.5",
      "express": "^4.16.4",
      "express-graphql": "^0.8.0",
      "graphql": "^14.2.1",
      "lodash": "^4.17.11",
      "mongoose": "^5.5.2"
    }
  }

yarn manifest: 
  No manifest

Lockfile: 
  # THIS IS AN AUTOGENERATED FILE. DO NOT EDIT THIS FILE DIRECTLY.
  # yarn lockfile v1
  
  
  accepts@^1.3.5, accepts@~1.3.5:
    version "1.3.5"
    resolved "https://art01.apttuscloud.io/api/npm/npm/accepts/-/accepts-1.3.5.tgz#eb777df6011723a3b14e8a72c0805c8e86746bd2"
    dependencies:
      mime-types "~2.1.18"
      negotiator "0.6.1"
  
  array-flatten@1.1.1:
    version "1.1.1"
    resolved "https://art01.apttuscloud.io/api/npm/npm/array-flatten/-/array-flatten-1.1.1.tgz#9a5f699051b1e7073328f2a008968b64ea2955d2"
  
  async@2.6.1:
    version "2.6.1"
    resolved "https://art01.apttuscloud.io/api/npm/npm/async/-/async-2.6.1.tgz#b245a23ca71930044ec53fa46aa00a3e87c6a610"
    dependencies:
      lodash "^4.17.10"
  
  bluebird@3.5.1:
    version "3.5.1"
    resolved "https://art01.apttuscloud.io/api/npm/npm/bluebird/-/bluebird-3.5.1.tgz#d9551f9de98f1fcda1e683d17ee91a0602ee2eb9"
  
  body-parser@1.18.3:
    version "1.18.3"
    resolved "https://art01.apttuscloud.io/api/npm/npm/body-parser/-/body-parser-1.18.3.tgz#5b292198ffdd553b3a0f20ded0592b956955c8b4"
    dependencies:
      bytes "3.0.0"
      content-type "~1.0.4"
      debug "2.6.9"
      depd "~1.1.2"
      http-errors "~1.6.3"
      iconv-lite "0.4.23"
      on-finished "~2.3.0"
      qs "6.5.2"
      raw-body "2.3.3"
      type-is "~1.6.16"
  
  bson@^1.1.1, bson@~1.1.1:
    version "1.1.1"
    resolved "https://art01.apttuscloud.io/api/npm/npm/bson/-/bson-1.1.1.tgz#4330f5e99104c4e751e7351859e2d408279f2f13"
  
  bytes@3.0.0:
    version "3.0.0"
    resolved "https://art01.apttuscloud.io/api/npm/npm/bytes/-/bytes-3.0.0.tgz#d32815404d689699f85a4ea4fa8755dd13a96048"
  
  bytes@3.1.0:
    version "3.1.0"
    resolved "https://art01.apttuscloud.io/api/npm/npm/bytes/-/bytes-3.1.0.tgz#f6cf7933a360e0588fa9fde85651cdc7f805d1f6"
  
  content-disposition@0.5.2:
    version "0.5.2"
    resolved "https://art01.apttuscloud.io/api/npm/npm/content-disposition/-/content-disposition-0.5.2.tgz#0cf68bb9ddf5f2be7961c3a85178cb85dba78cb4"
  
  content-type@^1.0.4, content-type@~1.0.4:
    version "1.0.4"
    resolved "https://art01.apttuscloud.io/api/npm/npm/content-type/-/content-type-1.0.4.tgz#e138cc75e040c727b1966fe5e5f8c9aee256fe3b"
  
  cookie-signature@1.0.6:
    version "1.0.6"
    resolved "https://art01.apttuscloud.io/api/npm/npm/cookie-signature/-/cookie-signature-1.0.6.tgz#e303a882b342cc3ee8ca513a79999734dab3ae2c"
  
  cookie@0.3.1:
    version "0.3.1"
    resolved "https://art01.apttuscloud.io/api/npm/npm/cookie/-/cookie-0.3.1.tgz#e7e0a1f9ef43b4c8ba925c5c5a96e806d16873bb"
  
  cors@^2.8.5:
    version "2.8.5"
    resolved "https://art01.apttuscloud.io/api/npm/npm/cors/-/cors-2.8.5.tgz#eac11da51592dd86b9f06f6e7ac293b3df875d29"
    dependencies:
      object-assign "^4"
      vary "^1"
  
  debug@2.6.9:
    version "2.6.9"
    resolved "https://art01.apttuscloud.io/api/npm/npm/debug/-/debug-2.6.9.tgz#5d128515df134ff327e90a4c93f4e077a536341f"
    dependencies:
      ms "2.0.0"
  
  debug@3.1.0:
    version "3.1.0"
    resolved "https://art01.apttuscloud.io/api/npm/npm/debug/-/debug-3.1.0.tgz#5bb5a0672628b64149566ba16819e61518c67261"
    dependencies:
      ms "2.0.0"
  
  depd@~1.1.2:
    version "1.1.2"
    resolved "https://art01.apttuscloud.io/api/npm/npm/depd/-/depd-1.1.2.tgz#9bcd52e14c097763e749b274c4346ed2e560b5a9"
  
  destroy@~1.0.4:
    version "1.0.4"
    resolved "https://art01.apttuscloud.io/api/npm/npm/destroy/-/destroy-1.0.4.tgz#978857442c44749e4206613e37946205826abd80"
  
  ee-first@1.1.1:
    version "1.1.1"
    resolved "https://art01.apttuscloud.io/api/npm/npm/ee-first/-/ee-first-1.1.1.tgz#590c61156b0ae2f4f0255732a158b266bc56b21d"
  
  encodeurl@~1.0.2:
    version "1.0.2"
    resolved "https://art01.apttuscloud.io/api/npm/npm/encodeurl/-/encodeurl-1.0.2.tgz#ad3ff4c86ec2d029322f5a02c3a9a606c95b3f59"
  
  escape-html@~1.0.3:
    version "1.0.3"
    resolved "https://art01.apttuscloud.io/api/npm/npm/escape-html/-/escape-html-1.0.3.tgz#0258eae4d3d0c0974de1c169188ef0051d1d1988"
  
  etag@~1.8.1:
    version "1.8.1"
    resolved "https://art01.apttuscloud.io/api/npm/npm/etag/-/etag-1.8.1.tgz#41ae2eeb65efa62268aebfea83ac7d79299b0887"
  
  express-graphql@^0.8.0:
    version "0.8.0"
    resolved "https://art01.apttuscloud.io/api/npm/npm/express-graphql/-/express-graphql-0.8.0.tgz#5d434709bcabe6d5527751730376d8265a197976"
    dependencies:
      accepts "^1.3.5"
      content-type "^1.0.4"
      http-errors "^1.7.2"
      raw-body "^2.3.3"
  
  express@^4.16.4:
    version "4.16.4"
    resolved "https://art01.apttuscloud.io/api/npm/npm/express/-/express-4.16.4.tgz#fddef61926109e24c515ea97fd2f1bdbf62df12e"
    dependencies:
      accepts "~1.3.5"
      array-flatten "1.1.1"
      body-parser "1.18.3"
      content-disposition "0.5.2"
      content-type "~1.0.4"
      cookie "0.3.1"
      cookie-signature "1.0.6"
      debug "2.6.9"
      depd "~1.1.2"
      encodeurl "~1.0.2"
      escape-html "~1.0.3"
      etag "~1.8.1"
      finalhandler "1.1.1"
      fresh "0.5.2"
      merge-descriptors "1.0.1"
      methods "~1.1.2"
      on-finished "~2.3.0"
      parseurl "~1.3.2"
      path-to-regexp "0.1.7"
      proxy-addr "~2.0.4"
      qs "6.5.2"
      range-parser "~1.2.0"
      safe-buffer "5.1.2"
      send "0.16.2"
      serve-static "1.13.2"
      setprototypeof "1.1.0"
      statuses "~1.4.0"
      type-is "~1.6.16"
      utils-merge "1.0.1"
      vary "~1.1.2"
  
  finalhandler@1.1.1:
    version "1.1.1"
    resolved "https://art01.apttuscloud.io/api/npm/npm/finalhandler/-/finalhandler-1.1.1.tgz#eebf4ed840079c83f4249038c9d703008301b105"
    dependencies:
      debug "2.6.9"
      encodeurl "~1.0.2"
      escape-html "~1.0.3"
      on-finished "~2.3.0"
      parseurl "~1.3.2"
      statuses "~1.4.0"
      unpipe "~1.0.0"
  
  forwarded@~0.1.2:
    version "0.1.2"
    resolved "https://art01.apttuscloud.io/api/npm/npm/forwarded/-/forwarded-0.1.2.tgz#98c23dab1175657b8c0573e8ceccd91b0ff18c84"
  
  fresh@0.5.2:
    version "0.5.2"
    resolved "https://art01.apttuscloud.io/api/npm/npm/fresh/-/fresh-0.5.2.tgz#3d8cadd90d976569fa835ab1f8e4b23a105605a7"
  
  graphql@^14.2.1:
    version "14.2.1"
    resolved "https://art01.apttuscloud.io/api/npm/npm/graphql/-/graphql-14.2.1.tgz#779529bf9a01e7207b977a54c20670b48ca6e95c"
    dependencies:
      iterall "^1.2.2"
  
  http-errors@1.6.3, http-errors@~1.6.2, http-errors@~1.6.3:
    version "1.6.3"
    resolved "https://art01.apttuscloud.io/api/npm/npm/http-errors/-/http-errors-1.6.3.tgz#8b55680bb4be283a0b5bf4ea2e38580be1d9320d"
    dependencies:
      depd "~1.1.2"
      inherits "2.0.3"
      setprototypeof "1.1.0"
      statuses ">= 1.4.0 < 2"
  
  http-errors@1.7.2, http-errors@^1.7.2:
    version "1.7.2"
    resolved "https://art01.apttuscloud.io/api/npm/npm/http-errors/-/http-errors-1.7.2.tgz#4f5029cf13239f31036e5b2e55292bcfbcc85c8f"
    dependencies:
      depd "~1.1.2"
      inherits "2.0.3"
      setprototypeof "1.1.1"
      statuses ">= 1.5.0 < 2"
      toidentifier "1.0.0"
  
  iconv-lite@0.4.23:
    version "0.4.23"
    resolved "https://art01.apttuscloud.io/api/npm/npm/iconv-lite/-/iconv-lite-0.4.23.tgz#297871f63be507adcfbfca715d0cd0eed84e9a63"
    dependencies:
      safer-buffer ">= 2.1.2 < 3"
  
  iconv-lite@0.4.24:
    version "0.4.24"
    resolved "https://art01.apttuscloud.io/api/npm/npm/iconv-lite/-/iconv-lite-0.4.24.tgz#2022b4b25fbddc21d2f524974a474aafe733908b"
    dependencies:
      safer-buffer ">= 2.1.2 < 3"
  
  inherits@2.0.3:
    version "2.0.3"
    resolved "https://art01.apttuscloud.io/api/npm/npm/inherits/-/inherits-2.0.3.tgz#633c2c83e3da42a502f52466022480f4208261de"
  
  ipaddr.js@1.9.0:
    version "1.9.0"
    resolved "https://art01.apttuscloud.io/api/npm/npm/ipaddr.js/-/ipaddr.js-1.9.0.tgz#37df74e430a0e47550fe54a2defe30d8acd95f65"
  
  iterall@^1.2.2:
    version "1.2.2"
    resolved "https://art01.apttuscloud.io/api/npm/npm/iterall/-/iterall-1.2.2.tgz#92d70deb8028e0c39ff3164fdbf4d8b088130cd7"
  
  kareem@2.3.0:
    version "2.3.0"
    resolved "https://art01.apttuscloud.io/api/npm/npm/kareem/-/kareem-2.3.0.tgz#ef33c42e9024dce511eeaf440cd684f3af1fc769"
  
  lodash@^4.17.10, lodash@^4.17.11:
    version "4.17.11"
    resolved "https://art01.apttuscloud.io/api/npm/npm/lodash/-/lodash-4.17.11.tgz#b39ea6229ef607ecd89e2c8df12536891cac9b8d"
  
  media-typer@0.3.0:
    version "0.3.0"
    resolved "https://art01.apttuscloud.io/api/npm/npm/media-typer/-/media-typer-0.3.0.tgz#8710d7af0aa626f8fffa1ce00168545263255748"
  
  memory-pager@^1.0.2:
    version "1.5.0"
    resolved "https://art01.apttuscloud.io/api/npm/npm/memory-pager/-/memory-pager-1.5.0.tgz#d8751655d22d384682741c972f2c3d6dfa3e66b5"
  
  merge-descriptors@1.0.1:
    version "1.0.1"
    resolved "https://art01.apttuscloud.io/api/npm/npm/merge-descriptors/-/merge-descriptors-1.0.1.tgz#b00aaa556dd8b44568150ec9d1b953f3f90cbb61"
  
  methods@~1.1.2:
    version "1.1.2"
    resolved "https://art01.apttuscloud.io/api/npm/npm/methods/-/methods-1.1.2.tgz#5529a4d67654134edcc5266656835b0f851afcee"
  
  mime-db@~1.39.0:
    version "1.39.0"
    resolved "https://art01.apttuscloud.io/api/npm/npm/mime-db/-/mime-db-1.39.0.tgz#f95a20275742f7d2ad0429acfe40f4233543780e"
  
  mime-types@~2.1.18:
    version "2.1.23"
    resolved "https://art01.apttuscloud.io/api/npm/npm/mime-types/-/mime-types-2.1.23.tgz#d4eacd87de99348a6858fe1e479aad877388d977"
    dependencies:
      mime-db "~1.39.0"
  
  mime@1.4.1:
    version "1.4.1"
    resolved "https://art01.apttuscloud.io/api/npm/npm/mime/-/mime-1.4.1.tgz#121f9ebc49e3766f311a76e1fa1c8003c4b03aa6"
  
  mongodb-core@3.2.2:
    version "3.2.2"
    resolved "https://art01.apttuscloud.io/api/npm/npm/mongodb-core/-/mongodb-core-3.2.2.tgz#d1c084b34c102a98b4734087800115e639d907c5"
    dependencies:
      bson "^1.1.1"
      require_optional "^1.0.1"
      safe-buffer "^5.1.2"
    optionalDependencies:
      saslprep "^1.0.0"
  
  mongodb@3.2.2:
    version "3.2.2"
    resolved "https://art01.apttuscloud.io/api/npm/npm/mongodb/-/mongodb-3.2.2.tgz#49b592be3cd50097f78e0964488d18c2e189de20"
    dependencies:
      mongodb-core "3.2.2"
      safe-buffer "^5.1.2"
  
  mongoose-legacy-pluralize@1.0.2:
    version "1.0.2"
    resolved "https://art01.apttuscloud.io/api/npm/npm/mongoose-legacy-pluralize/-/mongoose-legacy-pluralize-1.0.2.tgz#3ba9f91fa507b5186d399fb40854bff18fb563e4"
  
  mongoose@^5.5.2:
    version "5.5.2"
    resolved "https://art01.apttuscloud.io/api/npm/npm/mongoose/-/mongoose-5.5.2.tgz#6fa985ffe036e7cb641f7234465d7f162f14f827"
    dependencies:
      async "2.6.1"
      bson "~1.1.1"
      kareem "2.3.0"
      mongodb "3.2.2"
      mongodb-core "3.2.2"
      mongoose-legacy-pluralize "1.0.2"
      mpath "0.5.1"
      mquery "3.2.0"
      ms "2.1.1"
      regexp-clone "0.0.1"
      safe-buffer "5.1.2"
      sift "7.0.1"
      sliced "1.0.1"
  
  mpath@0.5.1:
    version "0.5.1"
    resolved "https://art01.apttuscloud.io/api/npm/npm/mpath/-/mpath-0.5.1.tgz#17131501f1ff9e6e4fbc8ffa875aa7065b5775ab"
  
  mquery@3.2.0:
    version "3.2.0"
    resolved "https://art01.apttuscloud.io/api/npm/npm/mquery/-/mquery-3.2.0.tgz#e276472abd5109686a15eb2a8e0761db813c81cc"
    dependencies:
      bluebird "3.5.1"
      debug "3.1.0"
      regexp-clone "0.0.1"
      safe-buffer "5.1.2"
      sliced "1.0.1"
  
  ms@2.0.0:
    version "2.0.0"
    resolved "https://art01.apttuscloud.io/api/npm/npm/ms/-/ms-2.0.0.tgz#5608aeadfc00be6c2901df5f9861788de0d597c8"
  
  ms@2.1.1:
    version "2.1.1"
    resolved "https://art01.apttuscloud.io/api/npm/npm/ms/-/ms-2.1.1.tgz#30a5864eb3ebb0a66f2ebe6d727af06a09d86e0a"
  
  negotiator@0.6.1:
    version "0.6.1"
    resolved "https://art01.apttuscloud.io/api/npm/npm/negotiator/-/negotiator-0.6.1.tgz#2b327184e8992101177b28563fb5e7102acd0ca9"
  
  object-assign@^4:
    version "4.1.1"
    resolved "https://art01.apttuscloud.io/api/npm/npm/object-assign/-/object-assign-4.1.1.tgz#2109adc7965887cfc05cbbd442cac8bfbb360863"
  
  on-finished@~2.3.0:
    version "2.3.0"
    resolved "https://art01.apttuscloud.io/api/npm/npm/on-finished/-/on-finished-2.3.0.tgz#20f1336481b083cd75337992a16971aa2d906947"
    dependencies:
      ee-first "1.1.1"
  
  parseurl@~1.3.2:
    version "1.3.3"
    resolved "https://art01.apttuscloud.io/api/npm/npm/parseurl/-/parseurl-1.3.3.tgz#9da19e7bee8d12dff0513ed5b76957793bc2e8d4"
  
  path-to-regexp@0.1.7:
    version "0.1.7"
    resolved "https://art01.apttuscloud.io/api/npm/npm/path-to-regexp/-/path-to-regexp-0.1.7.tgz#df604178005f522f15eb4490e7247a1bfaa67f8c"
  
  proxy-addr@~2.0.4:
    version "2.0.5"
    resolved "https://art01.apttuscloud.io/api/npm/npm/proxy-addr/-/proxy-addr-2.0.5.tgz#34cbd64a2d81f4b1fd21e76f9f06c8a45299ee34"
    dependencies:
      forwarded "~0.1.2"
      ipaddr.js "1.9.0"
  
  qs@6.5.2:
    version "6.5.2"
    resolved "https://art01.apttuscloud.io/api/npm/npm/qs/-/qs-6.5.2.tgz#cb3ae806e8740444584ef154ce8ee98d403f3e36"
  
  range-parser@~1.2.0:
    version "1.2.0"
    resolved "https://art01.apttuscloud.io/api/npm/npm/range-parser/-/range-parser-1.2.0.tgz#f49be6b487894ddc40dcc94a322f611092e00d5e"
  
  raw-body@2.3.3:
    version "2.3.3"
    resolved "https://art01.apttuscloud.io/api/npm/npm/raw-body/-/raw-body-2.3.3.tgz#1b324ece6b5706e153855bc1148c65bb7f6ea0c3"
    dependencies:
      bytes "3.0.0"
      http-errors "1.6.3"
      iconv-lite "0.4.23"
      unpipe "1.0.0"
  
  raw-body@^2.3.3:
    version "2.4.0"
    resolved "https://art01.apttuscloud.io/api/npm/npm/raw-body/-/raw-body-2.4.0.tgz#a1ce6fb9c9bc356ca52e89256ab59059e13d0332"
    dependencies:
      bytes "3.1.0"
      http-errors "1.7.2"
      iconv-lite "0.4.24"
      unpipe "1.0.0"
  
  regexp-clone@0.0.1:
    version "0.0.1"
    resolved "https://art01.apttuscloud.io/api/npm/npm/regexp-clone/-/regexp-clone-0.0.1.tgz#a7c2e09891fdbf38fbb10d376fb73003e68ac589"
  
  require_optional@^1.0.1:
    version "1.0.1"
    resolved "https://art01.apttuscloud.io/api/npm/npm/require_optional/-/require_optional-1.0.1.tgz#4cf35a4247f64ca3df8c2ef208cc494b1ca8fc2e"
    dependencies:
      resolve-from "^2.0.0"
      semver "^5.1.0"
  
  resolve-from@^2.0.0:
    version "2.0.0"
    resolved "https://art01.apttuscloud.io/api/npm/npm/resolve-from/-/resolve-from-2.0.0.tgz#9480ab20e94ffa1d9e80a804c7ea147611966b57"
  
  safe-buffer@5.1.2, safe-buffer@^5.1.2:
    version "5.1.2"
    resolved "https://art01.apttuscloud.io/api/npm/npm/safe-buffer/-/safe-buffer-5.1.2.tgz#991ec69d296e0313747d59bdfd2b745c35f8828d"
  
  "safer-buffer@>= 2.1.2 < 3":
    version "2.1.2"
    resolved "https://art01.apttuscloud.io/api/npm/npm/safer-buffer/-/safer-buffer-2.1.2.tgz#44fa161b0187b9549dd84bb91802f9bd8385cd6a"
  
  saslprep@^1.0.0:
    version "1.0.2"
    resolved "https://art01.apttuscloud.io/api/npm/npm/saslprep/-/saslprep-1.0.2.tgz#da5ab936e6ea0bbae911ffec77534be370c9f52d"
    dependencies:
      sparse-bitfield "^3.0.3"
  
  semver@^5.1.0:
    version "5.7.0"
    resolved "https://art01.apttuscloud.io/api/npm/npm/semver/-/semver-5.7.0.tgz#790a7cf6fea5459bac96110b29b60412dc8ff96b"
  
  send@0.16.2:
    version "0.16.2"
    resolved "https://art01.apttuscloud.io/api/npm/npm/send/-/send-0.16.2.tgz#6ecca1e0f8c156d141597559848df64730a6bbc1"
    dependencies:
      debug "2.6.9"
      depd "~1.1.2"
      destroy "~1.0.4"
      encodeurl "~1.0.2"
      escape-html "~1.0.3"
      etag "~1.8.1"
      fresh "0.5.2"
      http-errors "~1.6.2"
      mime "1.4.1"
      ms "2.0.0"
      on-finished "~2.3.0"
      range-parser "~1.2.0"
      statuses "~1.4.0"
  
  serve-static@1.13.2:
    version "1.13.2"
    resolved "https://art01.apttuscloud.io/api/npm/npm/serve-static/-/serve-static-1.13.2.tgz#095e8472fd5b46237db50ce486a43f4b86c6cec1"
    dependencies:
      encodeurl "~1.0.2"
      escape-html "~1.0.3"
      parseurl "~1.3.2"
      send "0.16.2"
  
  setprototypeof@1.1.0:
    version "1.1.0"
    resolved "https://art01.apttuscloud.io/api/npm/npm/setprototypeof/-/setprototypeof-1.1.0.tgz#d0bd85536887b6fe7c0d818cb962d9d91c54e656"
  
  setprototypeof@1.1.1:
    version "1.1.1"
    resolved "https://art01.apttuscloud.io/api/npm/npm/setprototypeof/-/setprototypeof-1.1.1.tgz#7e95acb24aa92f5885e0abef5ba131330d4ae683"
  
  sift@7.0.1:
    version "7.0.1"
    resolved "https://art01.apttuscloud.io/api/npm/npm/sift/-/sift-7.0.1.tgz#47d62c50b159d316f1372f8b53f9c10cd21a4b08"
  
  sliced@1.0.1:
    version "1.0.1"
    resolved "https://art01.apttuscloud.io/api/npm/npm/sliced/-/sliced-1.0.1.tgz#0b3a662b5d04c3177b1926bea82b03f837a2ef41"
  
  sparse-bitfield@^3.0.3:
    version "3.0.3"
    resolved "https://art01.apttuscloud.io/api/npm/npm/sparse-bitfield/-/sparse-bitfield-3.0.3.tgz#ff4ae6e68656056ba4b3e792ab3334d38273ca11"
    dependencies:
      memory-pager "^1.0.2"
  
  "statuses@>= 1.4.0 < 2", "statuses@>= 1.5.0 < 2":
    version "1.5.0"
    resolved "https://art01.apttuscloud.io/api/npm/npm/statuses/-/statuses-1.5.0.tgz#161c7dac177659fd9811f43771fa99381478628c"
  
  statuses@~1.4.0:
    version "1.4.0"
    resolved "https://art01.apttuscloud.io/api/npm/npm/statuses/-/statuses-1.4.0.tgz#bb73d446da2796106efcc1b601a253d6c46bd087"
  
  toidentifier@1.0.0:
    version "1.0.0"
    resolved "https://art01.apttuscloud.io/api/npm/npm/toidentifier/-/toidentifier-1.0.0.tgz#7e1be3470f1e77948bc43d94a3c8f4d7752ba553"
  
  type-is@~1.6.16:
    version "1.6.16"
    resolved "https://art01.apttuscloud.io/api/npm/npm/type-is/-/type-is-1.6.16.tgz#f89ce341541c672b25ee7ae3c73dee3b2be50194"
    dependencies:
      media-typer "0.3.0"
      mime-types "~2.1.18"
  
  unpipe@1.0.0, unpipe@~1.0.0:
    version "1.0.0"
    resolved "https://art01.apttuscloud.io/api/npm/npm/unpipe/-/unpipe-1.0.0.tgz#b2bf4ee8514aae6165b4817829d21b2ef49904ec"
  
  utils-merge@1.0.1:
    version "1.0.1"
    resolved "https://art01.apttuscloud.io/api/npm/npm/utils-merge/-/utils-merge-1.0.1.tgz#9f95710f50a267947b2ccc124741c1028427e713"
  
  vary@^1, vary@~1.1.2:
    version "1.1.2"
    resolved "https://art01.apttuscloud.io/api/npm/npm/vary/-/vary-1.1.2.tgz#2299f02c6ded30d4a5961b0b9f74524a18f634fc"
